<?xml version="1.0" encoding="UTF-8"?>
<testng-results ignored="0" total="1" passed="1" failed="0" skipped="0">
  <reporter-output>
  </reporter-output>
  <suite started-at="2023-09-12T12:52:05 IST" name="Suite" finished-at="2023-09-12T12:52:12 IST" duration-ms="6571">
    <groups>
    </groups>
    <test started-at="2023-09-12T12:52:05 IST" name="Test" finished-at="2023-09-12T12:52:12 IST" duration-ms="6571">
      <class name="admin.Customer">
        <test-method is-config="true" signature="login(java.lang.String,java.lang.String,java.lang.String,java.lang.String)[pri:0, instance:admin.Customer@383bfa16]" started-at="2023-09-12T12:52:05 IST" name="login" finished-at="2023-09-12T12:52:09 IST" duration-ms="3363" status="PASS">
          <params>
            <param index="0">
              <value>
                <![CDATA[chrome]]>
              </value>
            </param>
            <param index="1">
              <value>
                <![CDATA[http://127.0.0.1/login.do]]>
              </value>
            </param>
            <param index="2">
              <value>
                <![CDATA[test]]>
              </value>
            </param>
            <param index="3">
              <value>
                <![CDATA[123123]]>
              </value>
            </param>
          </params>
          <reporter-output>
          </reporter-output>
        </test-method> <!-- login -->
        <test-method signature="createcustomer()[pri:0, instance:admin.Customer@383bfa16]" started-at="2023-09-12T12:52:09 IST" name="createcustomer" finished-at="2023-09-12T12:52:12 IST" duration-ms="3010" status="PASS">
          <reporter-output>
          </reporter-output>
        </test-method> <!-- createcustomer -->
        <test-method is-config="true" signature="logout()[pri:0, instance:admin.Customer@383bfa16]" started-at="2023-09-12T12:52:12 IST" name="logout" finished-at="2023-09-12T12:52:12 IST" duration-ms="162" status="PASS">
          <reporter-output>
          </reporter-output>
        </test-method> <!-- logout -->
      </class> <!-- admin.Customer -->
    </test> <!-- Test -->
  </suite> <!-- Suite -->
</testng-results>
